Arguments: 
  D:\Program Files\nodejs\node.exe D:\Program Files (x86)\Yarn\bin\yarn.js init

PATH: 
  C:\Program Files (x86)\Intel\iCLS Client\;C:\Program Files\Intel\iCLS Client\;C:\WINDOWS\system32;C:\WINDOWS;C:\WINDOWS\System32\Wbem;C:\WINDOWS\System32\WindowsPowerShell\v1.0\;C:\Program Files\Intel\Intel(R) Management Engine Components\DAL;C:\Program Files\Intel\Intel(R) Management Engine Components\IPT;C:\Program Files (x86)\Intel\Intel(R) Management Engine Components\DAL;C:\Program Files (x86)\Intel\Intel(R) Management Engine Components\IPT;C:\Program Files (x86)\Intel\OpenCL SDK\2.0\bin\x86;C:\Program Files (x86)\Intel\OpenCL SDK\2.0\bin\x64;C:\Program Files (x86)\Windows Live\Shared;C:\Program Files\Intel\WiFi\bin\;C:\Program Files\Common Files\Intel\WirelessCommon\;C:\Program Files\Java\jdk1.7.0_51\bin\;C:\Program Files\MATLAB\R2014b\runtime\win64;C:\Program Files\MATLAB\R2014b\bin;C:\Program Files\MATLAB\R2014b\polyspace\bin;C:\ProgramData\chocolatey\bin;C:\WINDOWS\system32;C:\WINDOWS;C:\WINDOWS\System32\Wbem;C:\WINDOWS\System32\WindowsPowerShell\v1.0\;C:\Program Files (x86)\Skype\Phone\;D:\Program Files (x86)\Yarn\bin;D:\Program Files\nodejs\;C:\Users\yanan\AppData\Local\Programs\Python\Python35\Scripts\;C:\Users\yanan\AppData\Local\Programs\Python\Python35\;C:\Users\yanan\AppData\Local\atom\bin;C:\Applications\Atom;C:\Applications\Atom\resources\app\apm\node_modules\atom-package-manager\bin;C:\Program Files (x86)\Git\bin;C:\Program Files (x86)\Git\cmd;C:\Users\yanan\angular-phonecat\node_modules\protractor\bin;C:\Users\yanan\AppData\Local\Microsoft\WindowsApps;C:\Users\yanan\AppData\Local\Yarn\bin;C:\Users\yanan\AppData\Roaming\npm

Yarn version: 
  1.3.2

Node version: 
  8.9.1

Platform: 
  win32 x64

npm manifest: 
  No manifest

yarn manifest: 
  No manifest

Lockfile: 
  No lockfile

Trace: 
  Error: canceled
      at Interface.<anonymous> (D:\Program Files (x86)\Yarn\lib\cli.js:121045:13)
      at emitNone (events.js:106:13)
      at Interface.emit (events.js:208:7)
      at Interface._ttyWrite (readline.js:775:16)
      at ReadStream.onkeypress (readline.js:160:10)
      at emitTwo (events.js:126:13)
      at ReadStream.emit (events.js:214:7)
      at emitKeys (internal/readline.js:420:14)
      at emitKeys.next (<anonymous>)
      at ReadStream.onData (readline.js:1011:36)
